{"meta": {"format": 3, "version": "7.11.0", "timestamp": "2025-11-07T19:39:16.001173", "branch_coverage": false, "show_contexts": false}, "files": {"src\\analytics_project\\data_scrubber.py": {"executed_lines": [1, 26, 27, 30, 31, 49, 55, 57, 63, 64, 65, 67, 73, 74, 75, 76, 77, 79, 92, 93, 94, 95, 96, 98, 110, 111, 112, 113, 114, 116, 132, 133, 134, 135, 136, 138, 150, 151, 152, 153, 154, 156, 168, 169, 170, 171, 172, 174, 186, 187, 188, 189, 190, 192, 199, 200, 201, 204, 207, 209, 221, 222, 223, 224, 225, 227, 234, 235, 237, 249, 250, 251, 253, 254, 256, 268, 269, 270, 271, 272], "summary": {"covered_lines": 78, "num_statements": 78, "percent_covered": 100.0, "percent_covered_display": "100", "missing_lines": 0, "excluded_lines": 0}, "missing_lines": [], "excluded_lines": [], "functions": {"DataScrubber.__init__": {"executed_lines": [55], "summary": {"covered_lines": 1, "num_statements": 1, "percent_covered": 100.0, "percent_covered_display": "100", "missing_lines": 0, "excluded_lines": 0}, "missing_lines": [], "excluded_lines": []}, "DataScrubber.check_data_consistency_before_cleaning": {"executed_lines": [63, 64, 65], "summary": {"covered_lines": 3, "num_statements": 3, "percent_covered": 100.0, "percent_covered_display": "100", "missing_lines": 0, "excluded_lines": 0}, "missing_lines": [], "excluded_lines": []}, "DataScrubber.check_data_consistency_after_cleaning": {"executed_lines": [73, 74, 75, 76, 77], "summary": {"covered_lines": 5, "num_statements": 5, "percent_covered": 100.0, "percent_covered_display": "100", "missing_lines": 0, "excluded_lines": 0}, "missing_lines": [], "excluded_lines": []}, "DataScrubber.convert_column_to_new_data_type": {"executed_lines": [92, 93, 94, 95, 96], "summary": {"covered_lines": 5, "num_statements": 5, "percent_covered": 100.0, "percent_covered_display": "100", "missing_lines": 0, "excluded_lines": 0}, "missing_lines": [], "excluded_lines": []}, "DataScrubber.drop_columns": {"executed_lines": [110, 111, 112, 113, 114], "summary": {"covered_lines": 5, "num_statements": 5, "percent_covered": 100.0, "percent_covered_display": "100", "missing_lines": 0, "excluded_lines": 0}, "missing_lines": [], "excluded_lines": []}, "DataScrubber.filter_column_outliers": {"executed_lines": [132, 133, 134, 135, 136], "summary": {"covered_lines": 5, "num_statements": 5, "percent_covered": 100.0, "percent_covered_display": "100", "missing_lines": 0, "excluded_lines": 0}, "missing_lines": [], "excluded_lines": []}, "DataScrubber.format_column_strings_to_lower_and_trim": {"executed_lines": [150, 151, 152, 153, 154], "summary": {"covered_lines": 5, "num_statements": 5, "percent_covered": 100.0, "percent_covered_display": "100", "missing_lines": 0, "excluded_lines": 0}, "missing_lines": [], "excluded_lines": []}, "DataScrubber.format_column_strings_to_upper_and_trim": {"executed_lines": [168, 169, 170, 171, 172], "summary": {"covered_lines": 5, "num_statements": 5, "percent_covered": 100.0, "percent_covered_display": "100", "missing_lines": 0, "excluded_lines": 0}, "missing_lines": [], "excluded_lines": []}, "DataScrubber.handle_missing_data": {"executed_lines": [186, 187, 188, 189, 190], "summary": {"covered_lines": 5, "num_statements": 5, "percent_covered": 100.0, "percent_covered_display": "100", "missing_lines": 0, "excluded_lines": 0}, "missing_lines": [], "excluded_lines": []}, "DataScrubber.inspect_data": {"executed_lines": [199, 200, 201, 204, 207], "summary": {"covered_lines": 5, "num_statements": 5, "percent_covered": 100.0, "percent_covered_display": "100", "missing_lines": 0, "excluded_lines": 0}, "missing_lines": [], "excluded_lines": []}, "DataScrubber.parse_dates_to_add_standard_datetime": {"executed_lines": [221, 222, 223, 224, 225], "summary": {"covered_lines": 5, "num_statements": 5, "percent_covered": 100.0, "percent_covered_display": "100", "missing_lines": 0, "excluded_lines": 0}, "missing_lines": [], "excluded_lines": []}, "DataScrubber.remove_duplicate_records": {"executed_lines": [234, 235], "summary": {"covered_lines": 2, "num_statements": 2, "percent_covered": 100.0, "percent_covered_display": "100", "missing_lines": 0, "excluded_lines": 0}, "missing_lines": [], "excluded_lines": []}, "DataScrubber.rename_columns": {"executed_lines": [249, 250, 251, 253, 254], "summary": {"covered_lines": 5, "num_statements": 5, "percent_covered": 100.0, "percent_covered_display": "100", "missing_lines": 0, "excluded_lines": 0}, "missing_lines": [], "excluded_lines": []}, "DataScrubber.reorder_columns": {"executed_lines": [268, 269, 270, 271, 272], "summary": {"covered_lines": 5, "num_statements": 5, "percent_covered": 100.0, "percent_covered_display": "100", "missing_lines": 0, "excluded_lines": 0}, "missing_lines": [], "excluded_lines": []}, "": {"executed_lines": [1, 26, 27, 30, 31, 49, 57, 67, 79, 98, 116, 138, 156, 174, 192, 209, 227, 237, 256], "summary": {"covered_lines": 17, "num_statements": 17, "percent_covered": 100.0, "percent_covered_display": "100", "missing_lines": 0, "excluded_lines": 0}, "missing_lines": [], "excluded_lines": []}}, "classes": {"DataScrubber": {"executed_lines": [55, 63, 64, 65, 73, 74, 75, 76, 77, 92, 93, 94, 95, 96, 110, 111, 112, 113, 114, 132, 133, 134, 135, 136, 150, 151, 152, 153, 154, 168, 169, 170, 171, 172, 186, 187, 188, 189, 190, 199, 200, 201, 204, 207, 221, 222, 223, 224, 225, 234, 235, 249, 250, 251, 253, 254, 268, 269, 270, 271, 272], "summary": {"covered_lines": 61, "num_statements": 61, "percent_covered": 100.0, "percent_covered_display": "100", "missing_lines": 0, "excluded_lines": 0}, "missing_lines": [], "excluded_lines": []}, "": {"executed_lines": [1, 26, 27, 30, 31, 49, 57, 67, 79, 98, 116, 138, 156, 174, 192, 209, 227, 237, 256], "summary": {"covered_lines": 17, "num_statements": 17, "percent_covered": 100.0, "percent_covered_display": "100", "missing_lines": 0, "excluded_lines": 0}, "missing_lines": [], "excluded_lines": []}}}}, "totals": {"covered_lines": 78, "num_statements": 78, "percent_covered": 100.0, "percent_covered_display": "100", "missing_lines": 0, "excluded_lines": 0}}